
DESKTOP-1T3PN6J	Wed Apr 03 11:24:13 2019
	Shutting down the server with 1 active connection(s) to 1 database(s), 0 active service(s)


DESKTOP-1T3PN6J	Wed Apr 03 11:24:36 2019
	Shutting down the server with 1 active connection(s) to 1 database(s), 0 active service(s)


DESKTOP-1T3PN6J	Wed Apr 03 11:25:26 2019
	Shutting down the server with 1 active connection(s) to 1 database(s), 0 active service(s)


DESKTOP-1T3PN6J	Wed Apr 03 11:37:51 2019
	Shutting down the server with 1 active connection(s) to 1 database(s), 0 active service(s)


DESKTOP-1T3PN6J	Wed Apr 03 11:47:38 2019
	Shutting down the server with 1 active connection(s) to 1 database(s), 0 active service(s)


DESKTOP-1T3PN6J	Wed Apr 03 11:47:57 2019
	Shutting down the server with 1 active connection(s) to 1 database(s), 0 active service(s)


DESKTOP-1T3PN6J	Wed Apr 03 11:52:21 2019
	Shutting down the server with 1 active connection(s) to 1 database(s), 0 active service(s)


DESKTOP-1T3PN6J	Wed Apr 03 12:10:53 2019
	Shutting down the server with 1 active connection(s) to 1 database(s), 0 active service(s)


DESKTOP-1T3PN6J	Wed Apr 03 12:17:01 2019
	Shutting down the server with 1 active connection(s) to 1 database(s), 0 active service(s)


DESKTOP-1T3PN6J	Tue Apr 09 21:08:40 2019
	Shutting down the server with 3 active connection(s) to 1 database(s), 0 active service(s)


DESKTOP-1T3PN6J	Tue Apr 09 21:09:28 2019
	Shutting down the server with 3 active connection(s) to 1 database(s), 0 active service(s)


DESKTOP-1T3PN6J	Tue Apr 09 21:11:45 2019
	Shutting down the server with 3 active connection(s) to 1 database(s), 0 active service(s)


DESKTOP-1T3PN6J	Tue Apr 09 21:12:36 2019
	Shutting down the server with 3 active connection(s) to 1 database(s), 0 active service(s)


DESKTOP-1T3PN6J	Tue Apr 09 21:13:31 2019
	Shutting down the server with 3 active connection(s) to 1 database(s), 0 active service(s)


DESKTOP-1T3PN6J	Tue Apr 09 21:15:01 2019
	Shutting down the server with 4 active connection(s) to 1 database(s), 0 active service(s)


DESKTOP-1T3PN6J	Tue Apr 09 21:19:46 2019
	Shutting down the server with 5 active connection(s) to 1 database(s), 0 active service(s)


DESKTOP-1T3PN6J	Tue Apr 09 21:22:07 2019
	Shutting down the server with 3 active connection(s) to 1 database(s), 0 active service(s)


DESKTOP-1T3PN6J	Tue Apr 09 21:32:52 2019
	Shutting down the server with 3 active connection(s) to 1 database(s), 0 active service(s)


DESKTOP-1T3PN6J	Thu Apr 11 11:27:16 2019
	Shutting down the server with 3 active connection(s) to 1 database(s), 0 active service(s)


DESKTOP-1T3PN6J	Thu Apr 11 12:03:23 2019
	Shutting down the server with 3 active connection(s) to 1 database(s), 0 active service(s)


DESKTOP-1T3PN6J	Thu Apr 11 12:18:05 2019
	Shutting down the server with 4 active connection(s) to 1 database(s), 0 active service(s)


DESKTOP-1T3PN6J	Thu Apr 11 12:18:53 2019
	Shutting down the server with 4 active connection(s) to 1 database(s), 0 active service(s)


DESKTOP-1T3PN6J	Thu Apr 11 12:20:43 2019
	Shutting down the server with 5 active connection(s) to 1 database(s), 0 active service(s)


DESKTOP-1T3PN6J	Thu Apr 11 12:21:02 2019
	Shutting down the server with 3 active connection(s) to 1 database(s), 0 active service(s)


DESKTOP-1T3PN6J	Thu Apr 11 12:21:24 2019
	Shutting down the server with 5 active connection(s) to 1 database(s), 0 active service(s)


DESKTOP-1T3PN6J	Thu Apr 11 12:23:15 2019
	Shutting down the server with 5 active connection(s) to 1 database(s), 0 active service(s)


DESKTOP-1T3PN6J	Mon Apr 22 13:10:23 2019
	Shutting down the server with 11 active connection(s) to 1 database(s), 0 active service(s)


DESKTOP-1T3PN6J	Mon Apr 22 13:39:29 2019
	Shutting down the server with 11 active connection(s) to 1 database(s), 0 active service(s)


DESKTOP-1T3PN6J	Mon Apr 22 13:41:00 2019
	Shutting down the server with 6 active connection(s) to 1 database(s), 0 active service(s)


DESKTOP-1T3PN6J	Mon Apr 22 13:46:17 2019
	Shutting down the server with 18 active connection(s) to 1 database(s), 0 active service(s)


DESKTOP-1T3PN6J	Mon Apr 22 13:51:52 2019
	Shutting down the server with 23 active connection(s) to 1 database(s), 0 active service(s)


DESKTOP-1T3PN6J	Mon Apr 22 13:54:42 2019
	Shutting down the server with 30 active connection(s) to 1 database(s), 0 active service(s)


DESKTOP-1T3PN6J	Mon Apr 22 13:57:41 2019
	Shutting down the server with 17 active connection(s) to 1 database(s), 0 active service(s)


DESKTOP-1T3PN6J	Mon Apr 22 14:04:10 2019
	Shutting down the server with 30 active connection(s) to 1 database(s), 0 active service(s)


DESKTOP-1T3PN6J	Mon Apr 22 14:42:25 2019
	Shutting down the server with 24 active connection(s) to 1 database(s), 0 active service(s)


DESKTOP-1T3PN6J	Mon Apr 22 15:42:56 2019
	Shutting down the server with 23 active connection(s) to 1 database(s), 0 active service(s)


DESKTOP-1T3PN6J	Mon Apr 22 15:47:12 2019
	Shutting down the server with 15 active connection(s) to 1 database(s), 0 active service(s)


DESKTOP-1T3PN6J	Mon Apr 22 15:52:22 2019
	Shutting down the server with 15 active connection(s) to 1 database(s), 0 active service(s)


DESKTOP-1T3PN6J	Mon Apr 22 15:54:54 2019
	Shutting down the server with 15 active connection(s) to 1 database(s), 0 active service(s)


DESKTOP-1T3PN6J	Mon Apr 22 16:02:29 2019
	Shutting down the server with 33 active connection(s) to 1 database(s), 0 active service(s)


DESKTOP-1T3PN6J	Tue Apr 23 10:28:34 2019
	Shutting down the server with 20 active connection(s) to 1 database(s), 0 active service(s)


DESKTOP-1T3PN6J	Tue Apr 23 12:14:07 2019
	Shutting down the server with 35 active connection(s) to 1 database(s), 0 active service(s)


DESKTOP-1T3PN6J	Tue Apr 23 12:16:02 2019
	Shutting down the server with 17 active connection(s) to 1 database(s), 0 active service(s)


DESKTOP-1T3PN6J	Tue Apr 23 12:18:32 2019
	Shutting down the server with 17 active connection(s) to 1 database(s), 0 active service(s)


DESKTOP-1T3PN6J	Tue Apr 23 13:28:40 2019
	Shutting down the server with 21 active connection(s) to 1 database(s), 0 active service(s)


DESKTOP-1T3PN6J	Tue Apr 23 21:06:11 2019
	Shutting down the server with 4 active connection(s) to 1 database(s), 0 active service(s)


DESKTOP-1T3PN6J	Tue Apr 23 21:07:39 2019
	Shutting down the server with 4 active connection(s) to 1 database(s), 0 active service(s)


DESKTOP-1T3PN6J	Tue Apr 23 21:48:38 2019
	Shutting down the server with 16 active connection(s) to 1 database(s), 0 active service(s)


DESKTOP-1T3PN6J	Tue Apr 23 21:54:45 2019
	Shutting down the server with 16 active connection(s) to 1 database(s), 0 active service(s)


DESKTOP-1T3PN6J	Tue Apr 23 22:13:54 2019
	Shutting down the server with 16 active connection(s) to 1 database(s), 0 active service(s)


DESKTOP-1T3PN6J	Tue Apr 23 22:35:48 2019
	Shutting down the server with 16 active connection(s) to 1 database(s), 0 active service(s)


DESKTOP-1T3PN6J	Tue Apr 23 22:37:43 2019
	Shutting down the server with 22 active connection(s) to 1 database(s), 0 active service(s)


DESKTOP-1T3PN6J	Tue Apr 23 22:41:54 2019
	Shutting down the server with 16 active connection(s) to 1 database(s), 0 active service(s)


DESKTOP-1T3PN6J	Tue Apr 23 22:43:31 2019
	Shutting down the server with 16 active connection(s) to 1 database(s), 0 active service(s)


DESKTOP-1T3PN6J	Tue Apr 23 23:19:44 2019
	Shutting down the server with 16 active connection(s) to 1 database(s), 0 active service(s)

